[debug] [2021-11-23T14:04:50.710Z] ----------------------------------------------------------------------
[debug] [2021-11-23T14:04:50.713Z] Command:       C:\Program Files\nodejs\node.exe C:\Users\LENOVO T420S\AppData\Roaming\npm\node_modules\firebase-tools\lib\bin\firebase.js init
[debug] [2021-11-23T14:04:50.714Z] CLI Version:   9.23.0
[debug] [2021-11-23T14:04:50.714Z] Platform:      win32
[debug] [2021-11-23T14:04:50.714Z] Node Version:  v14.18.1
[debug] [2021-11-23T14:04:50.716Z] Time:          Tue Nov 23 2021 19:04:50 GMT+0500 (Pakistan Standard Time)
[debug] [2021-11-23T14:04:50.716Z] ----------------------------------------------------------------------
[debug] 
[debug] [2021-11-23T14:04:50.831Z] > command requires scopes: ["email","openid","https://www.googleapis.com/auth/cloudplatformprojects.readonly","https://www.googleapis.com/auth/firebase","https://www.googleapis.com/auth/cloud-platform"]
[debug] [2021-11-23T14:04:50.832Z] > authorizing via signed-in user (mabroorkhan123@gmail.com)
[info] 
     ######## #### ########  ######## ########     ###     ######  ########
     ##        ##  ##     ## ##       ##     ##  ##   ##  ##       ##
     ######    ##  ########  ######   ########  #########  ######  ######
     ##        ##  ##    ##  ##       ##     ## ##     ##       ## ##
     ##       #### ##     ## ######## ########  ##     ##  ######  ########

You're about to initialize a Firebase project in this directory:

  D:\Mabroor\cart-app

Before we get started, keep in mind:

  * You are initializing within an existing Firebase project directory

